<?xml version="1.0" encoding="UTF-8"?>
<!-- Generated by org.testng.reporters.JUnitReportReporter -->
<testsuite hostname="DESKTOP-PV8OE5S" failures="0" tests="1" name="Runner.TestRunner" time="25.448" errors="0" timestamp="2023-04-25T11:41:24 IST" skipped="0">
  <testcase classname="Runner.TestRunner" name="scenario" time="25.448"/>
  <system-out/>
</testsuite> <!-- Runner.TestRunner -->
