<?xml version="1.0" encoding="UTF-8"?>
<!-- Generated by org.testng.reporters.JUnitReportReporter -->
<testsuite hostname="DESKTOP-PV8OE5S" failures="0" tests="1" name="Runner.TestRunner" time="13.036" errors="0" timestamp="2023-05-19T17:54:10 IST" skipped="0">
  <testcase classname="Runner.TestRunner" name="scenario" time="13.036"/>
  <system-out/>
</testsuite> <!-- Runner.TestRunner -->
