<?xml version="1.0" encoding="UTF-8"?>
<!-- Generated by org.testng.reporters.JUnitReportReporter -->
<testsuite hostname="DESKTOP-PV8OE5S" failures="0" tests="1" name="Runner.TestRunner" time="146.992" errors="0" timestamp="11 Apr 2023 05:34:11 GMT">
  <testcase classname="Runner.TestRunner" name="scenario" time="146.992"/>
</testsuite> <!-- Runner.TestRunner -->
